<?xml version="1.0" encoding="UTF-8"?>
<testsuite name="ca.tariq_sekhri.time_tracker.UsageSessionizerTest" tests="4" skipped="0" failures="0" errors="0" timestamp="2026-07-25T15:39:06.484Z" hostname="TARIQ-DESKTOP" time="0.055">
  <properties/>
  <testcase name="snapshotCreatesImmutableChunkAndContinuation" classname="ca.tariq_sekhri.time_tracker.UsageSessionizerTest" time="0.034"/>
  <testcase name="appSwitchCompletesPreviousSession" classname="ca.tariq_sekhri.time_tracker.UsageSessionizerTest" time="0.013"/>
  <testcase name="samePackageActivityChangesDoNotSplitSession" classname="ca.tariq_sekhri.time_tracker.UsageSessionizerTest" time="0.0"/>
  <testcase name="screenOffCompletesForegroundSession" classname="ca.tariq_sekhri.time_tracker.UsageSessionizerTest" time="0.001"/>
  <system-out><![CDATA[]]></system-out>
  <system-err><![CDATA[]]></system-err>
</testsuite>
